2025-05-24T11:48:42.361Z [INFO]: Starting data loading process...
2025-05-24T11:48:42.388Z [INFO]: Verifying database connection...
2025-05-24T11:48:42.395Z [INFO]: Database connection verified
2025-05-24T11:49:21.230Z [INFO]: Starting data loading process...
2025-05-24T11:49:21.259Z [INFO]: Verifying database connection...
2025-05-24T11:49:21.266Z [INFO]: Database connection verified
2025-05-24T11:49:21.282Z [INFO]: Successfully processed order 1001
2025-05-24T11:49:21.286Z [INFO]: Successfully processed order 1002
2025-05-24T11:49:21.289Z [INFO]: Successfully processed order 1003
2025-05-24T11:49:21.292Z [INFO]: Successfully processed order 1004
2025-05-24T11:49:21.295Z [INFO]: Successfully processed order 1005
2025-05-24T11:52:19.841Z [INFO]: Starting data loading process...
2025-05-24T11:52:19.867Z [INFO]: Verifying database connection...
2025-05-24T11:52:19.873Z [INFO]: Database connection verified
2025-05-24T11:52:19.890Z [INFO]: Processed order 1001
2025-05-24T11:52:19.895Z [INFO]: Processed order 1002
2025-05-24T11:52:19.898Z [INFO]: Processed order 1003
2025-05-24T11:52:19.900Z [INFO]: Processed order 1004
2025-05-24T11:52:19.903Z [INFO]: Processed order 1005
2025-05-24T11:52:19.903Z [INFO]: Successfully processed 5 orders
2025-05-24T11:52:19.907Z [INFO]: Processed order 1006
2025-05-24T11:52:19.915Z [INFO]: Verification:
        - Customers: 3
        - Products: 4
        - Orders: 6
2025-05-24T11:52:19.917Z [INFO]: MongoDB connection closed
2025-05-24T11:52:19.917Z [INFO]: Data loading completed successfully
2025-05-24T11:55:03.861Z [INFO]: === STARTING DATA LOAD ===
2025-05-24T11:55:03.897Z [INFO]: Connected to database: sales_analysis
2025-05-24T11:55:03.904Z [INFO]: MongoDB server info: {"version":"8.0.5","gitVersion":"cb9e2e5e552ee39dea1e39d7859336456d0c9820","targetMinOS":"Windows 7/Windows Server 2008 R2","modules":[],"allocator":"tcmalloc-gperf","javascriptEngine":"mozjs","sysInfo":"deprecated","versionArray":[8,0,5,0],"openssl":{"running":"Windows SChannel"},"buildEnvironment":{"distmod":"windows","distarch":"x86_64","cc":"cl: Microsoft (R) C/C++ Optimizing Compiler Version 19.31.31107 for x64","ccflags":"/nologo /WX /FImongo/platform/basic.h /fp:strict /EHsc /W3 /wd4068 /wd4244 /wd4267 /wd4290 /wd4351 /wd4355 /wd4373 /wd4800 /wd4251 /wd4291 /we4013 /we4099 /we4930 /errorReport:none /MD /O2 /Oy- /bigobj /utf-8 /permissive- /Zc:__cplusplus /Zc:sizedDealloc /volatile:iso /diagnostics:caret /std:c++20 /Gw /Gy /Zc:inline","cxx":"cl: Microsoft (R) C/C++ Optimizing Compiler Version 19.31.31107 for x64","cxxflags":"/TP","linkflags":"/nologo /DEBUG /INCREMENTAL:NO /LARGEADDRESSAWARE /OPT:REF","target_arch":"x86_64","target_os":"windows","cppdefines":"SAFEINT_USE_INTRINSICS 0 PCRE2_STATIC NDEBUG BOOST_ALL_NO_LIB _UNICODE UNICODE _SILENCE_CXX17_ALLOCATOR_VOID_DEPRECATION_WARNING _SILENCE_CXX17_OLD_ALLOCATOR_MEMBERS_DEPRECATION_WARNING _SILENCE_CXX17_CODECVT_HEADER_DEPRECATION_WARNING _SILENCE_ALL_CXX20_DEPRECATION_WARNINGS _CONSOLE _CRT_SECURE_NO_WARNINGS _ENABLE_EXTENDED_ALIGNED_STORAGE _SCL_SECURE_NO_WARNINGS _WIN32_WINNT 0x0A00 BOOST_USE_WINAPI_VERSION 0x0A00 NTDDI_VERSION 0x0A000000 ABSL_FORCE_ALIGNED_ACCESS BOOST_ENABLE_ASSERT_DEBUG_HANDLER BOOST_FILESYSTEM_NO_CXX20_ATOMIC_REF BOOST_LOG_NO_SHORTHAND_NAMES BOOST_LOG_USE_NATIVE_SYSLOG BOOST_LOG_WITHOUT_THREAD_ATTR BOOST_MATH_NO_LONG_DOUBLE_MATH_FUNCTIONS BOOST_SYSTEM_NO_DEPRECATED BOOST_THREAD_USES_DATETIME BOOST_THREAD_VERSION 5"},"bits":64,"debug":false,"maxBsonObjectSize":16777216,"storageEngines":["devnull","wiredTiger"],"ok":1}
2025-05-24T11:55:03.909Z [INFO]: Existing collections: customers, products, orders
2025-05-24T11:55:03.915Z [INFO]: Processed 0 records
2025-05-24T11:55:03.917Z [ERROR]: Error processing row: Transaction numbers are only allowed on a replica set member or mongos
2025-05-24T11:57:07.161Z [INFO]: === STARTING DATA LOAD ===
2025-05-24T11:57:07.193Z [INFO]: Connected to database: sales_analysis
2025-05-24T11:57:07.202Z [INFO]: Collections: customers, products, orders
2025-05-24T11:57:07.208Z [INFO]: Processed 0 records
2025-05-24T11:57:07.223Z [INFO]: Processed order 1004
2025-05-24T11:57:07.225Z [INFO]: Processed order 1005
2025-05-24T11:57:07.226Z [INFO]: Processed order 1006
2025-05-24T11:57:07.227Z [INFO]: Processed order 1003
2025-05-24T11:57:07.230Z [INFO]: Processed order 1001
2025-05-24T11:57:07.231Z [INFO]: Final counts:
        - Customers: 3
        - Products: 4
        - Orders: 6
2025-05-24T11:57:07.231Z [INFO]: Sample documents:
2025-05-24T11:57:07.233Z [INFO]: Customer:
2025-05-24T11:57:07.234Z [INFO]: Processed order 1002
2025-05-24T11:57:07.234Z [INFO]: Product:
2025-05-24T11:57:07.236Z [INFO]: Order:
2025-05-24T11:57:07.239Z [INFO]: Connection closed
2025-05-24T11:57:07.239Z [INFO]: === DATA LOAD COMPLETE ===
